posenet_app/build/outputs/logs/manifest-merger-debug-report.txt
-- Merging decision tree log ---
manifest
ADDED from src\main\AndroidManifest.xml:2:1-40:12
INJECTED from src\main\AndroidManifest.xml:2:1-40:12
INJECTED from src\main\AndroidManifest.xml:2:1-40:12
INJECTED from src\main\AndroidManifest.xml:2:1-40:12
INJECTED from src\main\AndroidManifest.xml:2:1-40:12
INJECTED from src\main\AndroidManifest.xml:2:1-40:12
INJECTED from src\main\AndroidManifest.xml:2:1-40:12
	package
		ADDED from src\main\AndroidManifest.xml:3:5-51
		INJECTED from src\main\AndroidManifest.xml
		INJECTED from src\main\AndroidManifest.xml
	android:versionName
		INJECTED from src\main\AndroidManifest.xml
		ADDED from src\main\AndroidManifest.xml:2:1-40:12
		INJECTED from src\main\AndroidManifest.xml
	android:versionCode
		INJECTED from src\main\AndroidManifest.xml
		ADDED from src\main\AndroidManifest.xml:2:1-40:12
		INJECTED from src\main\AndroidManifest.xml
	xmlns:android
		ADDED from src\main\AndroidManifest.xml:2:11-69
uses-permission#android.permission.CAMERA
ADDED from src\main\AndroidManifest.xml:5:3-63
	android:name
		ADDED from src\main\AndroidManifest.xml:5:20-60
uses-feature#android.hardware.camera
ADDED from src\main\AndroidManifest.xml:7:3-58
	android:name
		ADDED from src\main\AndroidManifest.xml:7:17-55
uses-feature#android.hardware.camera.autofocus
ADDED from src\main\AndroidManifest.xml:8:3-68
	android:name
		ADDED from src\main\AndroidManifest.xml:8:17-65
uses-sdk
ADDED from src\main\AndroidManifest.xml:10:3-15
INJECTED from src\main\AndroidManifest.xml:10:3-15
INJECTED from src\main\AndroidManifest.xml:10:3-15
INJECTED from src\main\AndroidManifest.xml:10:3-15
INJECTED from src\main\AndroidManifest.xml:10:3-15
	android:targetSdkVersion
		INJECTED from src\main\AndroidManifest.xml
		ADDED from src\main\AndroidManifest.xml:10:3-15
		INJECTED from src\main\AndroidManifest.xml
	android:minSdkVersion
		INJECTED from src\main\AndroidManifest.xml
		ADDED from src\main\AndroidManifest.xml:10:3-15
		INJECTED from src\main\AndroidManifest.xml
application
ADDED from src\main\AndroidManifest.xml:12:3-38:17
	android:supportsRtl
		ADDED from src\main\AndroidManifest.xml:14:7-33
	android:allowBackup
		ADDED from src\main\AndroidManifest.xml:13:7-33
activity#org.tensorflow.lite.examples.posenet.TestActivity
ADDED from src\main\AndroidManifest.xml:23:5-27:16
	android:label
		ADDED from src\main\AndroidManifest.xml:25:9-41
	android:exported
		ADDED from src\main\AndroidManifest.xml:26:9-32
	android:name
		ADDED from src\main\AndroidManifest.xml:24:9-37
activity#org.tensorflow.lite.examples.posenet.Activity_Posenet_Done_Certify
ADDED from src\main\AndroidManifest.xml:29:5-63
	android:name
		ADDED from src\main\AndroidManifest.xml:29:15-60
activity#org.tensorflow.lite.examples.posenet.PosenetCameraActivity
ADDED from src\main\AndroidManifest.xml:31:5-36:16
	android:exported
		ADDED from src\main\AndroidManifest.xml:31:53-76
	android:name
		ADDED from src\main\AndroidManifest.xml:31:15-52